<?xml version="1.0" encoding="UTF-8"?>
<!-- Generated by org.testng.reporters.JUnitXMLReporter -->
<testsuite ignored="3" hostname="Vishnu" failures="0" tests="1" name="Default test" time="9.821" errors="0" timestamp="2026-03-13T01:06:24 IST">
  <testcase classname="test.letcodeMainPageTest" name="alertPage" time="7.995"/>
  <testcase classname="test.letcodeMainPageTest" name="buttonspage" time="0.0">
    <ignored/>
  </testcase> <!-- buttonspage -->
  <testcase classname="test.letcodeMainPageTest" name="selectpage" time="0.0">
    <ignored/>
  </testcase> <!-- selectpage -->
  <testcase classname="test.letcodeMainPageTest" name="inputspage" time="0.0">
    <ignored/>
  </testcase> <!-- inputspage -->
</testsuite> <!-- Default test -->
