<?xml version="1.0" encoding="UTF-8"?>
<!-- Generated by org.testng.reporters.JUnitXMLReporter -->
<testsuite ignored="1" hostname="Vishnu" failures="0" tests="1" name="Default test" time="35.476" errors="0" timestamp="2026-04-06T00:20:56 IST">
  <testcase classname="tests.ButtonsTest" name="verifyButtonProperties" time="5.403"/>
  <testcase classname="tests.ButtonsTest" name="verifyButtonHoldAction" time="0.0">
    <ignored/>
  </testcase> <!-- verifyButtonHoldAction -->
</testsuite> <!-- Default test -->
