<?xml version="1.0" encoding="UTF-8"?>
<!-- Generated by org.testng.reporters.JUnitXMLReporter -->
<testsuite ignored="0" hostname="Vishnu" failures="0" tests="3" name="Functional Tests" time="19.348" errors="0" timestamp="2026-05-03T22:26:55 IST">
  <testcase classname="tests.seleniumbasetest" name="selectinputs" time="7.807"/>
  <testcase classname="tests.seleniumbasetest" name="actioninputs" time="9.528"/>
  <testcase classname="tests.seleniumbasetest" name="textinputs" time="14.639"/>
</testsuite> <!-- Functional Tests -->
