<?xml version="1.0" encoding="UTF-8"?>
<!-- Generated by org.testng.reporters.JUnitXMLReporter -->
<testsuite ignored="2" hostname="Vishnu" failures="0" tests="2" name="MyTest" time="15.468" errors="0" timestamp="2026-03-19T23:14:16 IST">
  <testcase classname="test.letcodeMainPageTest" name="inputspage" time="5.495"/>
  <testcase classname="test.letcodeMainPageTest" name="buttonspage" time="13.279"/>
  <testcase classname="test.letcodeMainPageTest" name="selectpage" time="0.0">
    <ignored/>
  </testcase> <!-- selectpage -->
  <testcase classname="test.letcodeMainPageTest" name="alertPage" time="0.0">
    <ignored/>
  </testcase> <!-- alertPage -->
</testsuite> <!-- MyTest -->
