<?xml version="1.0" encoding="UTF-8"?>
<!-- Generated by org.testng.reporters.JUnitXMLReporter -->
<testsuite ignored="2" hostname="Vishnu" failures="0" tests="2" name="MyTest" time="35.222" errors="0" timestamp="2026-03-19T23:32:02 IST">
  <testcase classname="test.letcodeMainPageTest" name="buttonspage" time="13.059"/>
  <testcase classname="test.letcodeMainPageTest" name="inputspage" time="33.429"/>
  <testcase classname="test.letcodeMainPageTest" name="alertPage" time="0.0">
    <ignored/>
  </testcase> <!-- alertPage -->
  <testcase classname="test.letcodeMainPageTest" name="selectpage" time="0.0">
    <ignored/>
  </testcase> <!-- selectpage -->
</testsuite> <!-- MyTest -->
