<?xml version="1.0" encoding="UTF-8"?>
<testng-results ignored="2" total="4" passed="2" failed="0" skipped="0">
  <reporter-output>
  </reporter-output>
  <suite started-at="2026-03-19T23:31:27 IST" name="Suite" finished-at="2026-03-19T23:32:02 IST" duration-ms="35222">
    <groups>
    </groups>
    <test started-at="2026-03-19T23:31:27 IST" name="MyTest" finished-at="2026-03-19T23:32:02 IST" duration-ms="35222">
      <class name="test.letcodeMainPageTest">
        <test-method is-config="true" signature="setUp()[pri:0, instance:test.letcodeMainPageTest@ec756bd]" started-at="2026-03-19T23:31:27 IST" name="setUp" finished-at="2026-03-19T23:31:28 IST" duration-ms="1468" status="PASS">
          <reporter-output>
          </reporter-output>
        </test-method> <!-- setUp -->
        <test-method is-config="true" signature="setUp()[pri:0, instance:test.letcodeMainPageTest@ec756bd]" started-at="2026-03-19T23:31:27 IST" name="setUp" finished-at="2026-03-19T23:31:28 IST" duration-ms="1467" status="PASS">
          <reporter-output>
          </reporter-output>
        </test-method> <!-- setUp -->
        <test-method signature="inputspage()[pri:0, instance:test.letcodeMainPageTest@ec756bd]" started-at="2026-03-19T23:31:28 IST" name="inputspage" finished-at="2026-03-19T23:32:02 IST" duration-ms="33429" status="PASS">
          <reporter-output>
          </reporter-output>
        </test-method> <!-- inputspage -->
        <test-method signature="buttonspage()[pri:0, instance:test.letcodeMainPageTest@ec756bd]" started-at="2026-03-19T23:31:28 IST" name="buttonspage" finished-at="2026-03-19T23:31:41 IST" duration-ms="13059" status="PASS">
          <reporter-output>
          </reporter-output>
        </test-method> <!-- buttonspage -->
        <test-method is-config="true" signature="tearDown()[pri:0, instance:test.letcodeMainPageTest@ec756bd]" started-at="2026-03-19T23:31:41 IST" name="tearDown" finished-at="2026-03-19T23:31:42 IST" duration-ms="358" status="PASS">
          <reporter-output>
          </reporter-output>
        </test-method> <!-- tearDown -->
        <test-method is-config="true" signature="tearDown()[pri:0, instance:test.letcodeMainPageTest@ec756bd]" started-at="2026-03-19T23:32:02 IST" name="tearDown" finished-at="2026-03-19T23:32:02 IST" duration-ms="298" status="PASS">
          <reporter-output>
          </reporter-output>
        </test-method> <!-- tearDown -->
      </class> <!-- test.letcodeMainPageTest -->
    </test> <!-- MyTest -->
  </suite> <!-- Suite -->
</testng-results>
