<?xml version="1.0" encoding="UTF-8"?>
<testng-results ignored="2" total="4" passed="2" failed="0" skipped="0">
  <reporter-output>
  </reporter-output>
  <suite started-at="2026-03-19T23:14:01 IST" name="Suite" finished-at="2026-03-19T23:14:16 IST" duration-ms="15468">
    <groups>
    </groups>
    <test started-at="2026-03-19T23:14:01 IST" name="MyTest" finished-at="2026-03-19T23:14:16 IST" duration-ms="15468">
      <class name="test.letcodeMainPageTest">
        <test-method is-config="true" signature="setUp()[pri:0, instance:test.letcodeMainPageTest@313ac989]" started-at="2026-03-19T23:14:01 IST" name="setUp" finished-at="2026-03-19T23:14:03 IST" duration-ms="1624" status="PASS">
          <reporter-output>
          </reporter-output>
        </test-method> <!-- setUp -->
        <test-method is-config="true" signature="setUp()[pri:0, instance:test.letcodeMainPageTest@313ac989]" started-at="2026-03-19T23:14:01 IST" name="setUp" finished-at="2026-03-19T23:14:03 IST" duration-ms="1624" status="PASS">
          <reporter-output>
          </reporter-output>
        </test-method> <!-- setUp -->
        <test-method signature="inputspage()[pri:0, instance:test.letcodeMainPageTest@313ac989]" started-at="2026-03-19T23:14:03 IST" name="inputspage" finished-at="2026-03-19T23:14:08 IST" duration-ms="5495" status="PASS">
          <reporter-output>
          </reporter-output>
        </test-method> <!-- inputspage -->
        <test-method signature="buttonspage()[pri:0, instance:test.letcodeMainPageTest@313ac989]" started-at="2026-03-19T23:14:03 IST" name="buttonspage" finished-at="2026-03-19T23:14:16 IST" duration-ms="13279" status="PASS">
          <reporter-output>
          </reporter-output>
        </test-method> <!-- buttonspage -->
        <test-method is-config="true" signature="tearDown()[pri:0, instance:test.letcodeMainPageTest@313ac989]" started-at="2026-03-19T23:14:08 IST" name="tearDown" finished-at="2026-03-19T23:14:08 IST" duration-ms="218" status="PASS">
          <reporter-output>
          </reporter-output>
        </test-method> <!-- tearDown -->
        <test-method is-config="true" signature="tearDown()[pri:0, instance:test.letcodeMainPageTest@313ac989]" started-at="2026-03-19T23:14:16 IST" name="tearDown" finished-at="2026-03-19T23:14:16 IST" duration-ms="458" status="PASS">
          <reporter-output>
          </reporter-output>
        </test-method> <!-- tearDown -->
      </class> <!-- test.letcodeMainPageTest -->
    </test> <!-- MyTest -->
  </suite> <!-- Suite -->
</testng-results>
