<?xml version="1.0" encoding="UTF-8"?>
<testng-results ignored="4" total="5" passed="1" failed="0" skipped="0">
  <reporter-output>
  </reporter-output>
  <suite started-at="2026-03-22T00:51:19 IST" name="Default suite" finished-at="2026-03-22T00:51:35 IST" duration-ms="16017">
    <groups>
    </groups>
    <test started-at="2026-03-22T00:51:19 IST" name="Default test" finished-at="2026-03-22T00:51:35 IST" duration-ms="16017">
      <class name="test.letcodeMainPageTest">
        <test-method is-config="true" signature="setUp()[pri:0, instance:test.letcodeMainPageTest@13c9d689]" started-at="2026-03-22T00:51:19 IST" name="setUp" finished-at="2026-03-22T00:51:20 IST" duration-ms="1364" status="PASS">
          <reporter-output>
          </reporter-output>
        </test-method> <!-- setUp -->
        <test-method signature="frames()[pri:0, instance:test.letcodeMainPageTest@13c9d689]" started-at="2026-03-22T00:51:20 IST" name="frames" finished-at="2026-03-22T00:51:33 IST" duration-ms="12765" status="PASS">
          <reporter-output>
          </reporter-output>
        </test-method> <!-- frames -->
        <test-method is-config="true" signature="tearDown()[pri:0, instance:test.letcodeMainPageTest@13c9d689]" started-at="2026-03-22T00:51:33 IST" name="tearDown" finished-at="2026-03-22T00:51:35 IST" duration-ms="1854" status="PASS">
          <reporter-output>
          </reporter-output>
        </test-method> <!-- tearDown -->
      </class> <!-- test.letcodeMainPageTest -->
    </test> <!-- Default test -->
  </suite> <!-- Default suite -->
</testng-results>
