<?xml version="1.0" encoding="UTF-8"?>
<!-- Generated by org.testng.reporters.JUnitReportReporter -->
<testsuite hostname="Vishnu" failures="0" tests="3" name="tests.seleniumbasetest" time="47.659" errors="0" timestamp="2026-05-03T22:26:55 IST" skipped="0">
  <testcase classname="tests.seleniumbasetest" name="textinputs" time="20.904"/>
  <testcase classname="tests.seleniumbasetest" name="actioninputs" time="14.262"/>
  <testcase classname="tests.seleniumbasetest" name="selectinputs" time="12.493"/>
</testsuite> <!-- tests.seleniumbasetest -->
